(venv) jmh@ov-1a3d27:/opt/Auto-Crypto-Tradingjournal$ python scripts/time_travel.py --start 2025-01-01 --symbols BTCUSDT
07:30:59 [INFO] core.database: DB initialized at trading_journal.db
07:30:59 [INFO] core.config_loader: Config loaded: strategy=momentum_rising, last_loaded=2026-06-10T05:30:59.164609+00:00
07:30:59 [INFO] core.exchange: Exchange initialized: primary=bitget, data_source=bitget, paper=True
07:30:59 [INFO] time_travel: ======================================================================
07:30:59 [INFO] time_travel: TIME TRAVEL — Fast-forward daemon
07:30:59 [INFO] time_travel:   Strategy: momentum_rising (uid: e600dffb-8c47-4ac9-a32a-4a54becdcc45)
07:30:59 [INFO] time_travel:   Symbols: ['BTCUSDT']
07:30:59 [INFO] time_travel:   Period: 2025-01-01 → now
07:30:59 [INFO] time_travel:   Thresholds: [3.0, 4.0, 5.0, 6.5]
07:30:59 [INFO] time_travel:   Primary TF: 1h, Confirmation TF: 4h
07:30:59 [INFO] time_travel:   Weights: {'rsi': 0.25, 'macd': 0.25, 'ema_stack': 0.3, 'adx': 0.2}
07:30:59 [INFO] time_travel:   Dry run: False
07:30:59 [INFO] time_travel: ======================================================================
07:30:59 [INFO] time_travel: --------------------------------------------------
07:30:59 [INFO] time_travel: Processing BTCUSDT
07:30:59 [INFO] time_travel:   Fetching BTCUSDT OHLCV (1h)...
07:30:59 [INFO] core.exchange: Data exchange created: bitget (public)
07:31:15 [INFO] time_travel:   Fetching BTCUSDT OHLCV (4h)...
07:31:19 [INFO] time_travel:   Primary bars: 5728, Confirmation bars: 1955
07:31:19 [INFO] time_travel:   Pre-computing BTCUSDT indicators (1h)...
07:35:57 [INFO] time_travel:   1h Pre-computed indicators: 5698/5698 bars ok, 0 failed
07:35:57 [INFO] time_travel:   1h indicators done in 278.6s (20 bars/s)
07:35:57 [INFO] time_travel:   Pre-computing BTCUSDT indicators (4h)...
07:37:27 [INFO] time_travel:   4h Pre-computed indicators: 1925/1925 bars ok, 0 failed
07:37:27 [INFO] time_travel:   4h indicators done in 89.1s
07:37:27 [INFO] time_travel:   Scoring 5698 bars...
07:37:27 [INFO] time_travel:   [BTCUSDT] 5697/5698 bars (100.0%) | 0 entries | 0 trades | 43144 bars/s | ETA: <1m
07:37:27 [INFO] time_travel:   BTCUSDT: 0 trades generated (0 entries evaluated) in 0.1s
07:37:27 [INFO] time_travel: ======================================================================
07:37:27 [INFO] time_travel: TIME TRAVEL COMPLETE
07:37:27 [INFO] time_travel:   Total trades: 0
07:37:27 [INFO] time_travel:   Wins: 0, Losses: 0, Win rate: 0.0%
07:37:27 [INFO] time_travel:   By threshold: {3.0: 0, 4.0: 0, 5.0: 0, 6.5: 0}
07:37:27 [INFO] time_travel:   By symbol: {'BTCUSDT': 0}
07:37:27 [INFO] time_travel: ======================================================================
(venv) jmh@ov-1a3d27:/opt/Auto-Crypto-Tradingjournal$ python scripts/time_travel.py --start 2025-01-01 --symbols ETHUSDT
07:37:50 [INFO] core.database: DB initialized at trading_journal.db
07:37:50 [INFO] core.config_loader: Config loaded: strategy=momentum_rising, last_loaded=2026-06-10T05:37:50.240546+00:00
07:37:50 [INFO] core.exchange: Exchange initialized: primary=bitget, data_source=bitget, paper=True
07:37:50 [INFO] time_travel: ======================================================================
07:37:50 [INFO] time_travel: TIME TRAVEL — Fast-forward daemon
07:37:50 [INFO] time_travel:   Strategy: momentum_rising (uid: e600dffb-8c47-4ac9-a32a-4a54becdcc45)
07:37:50 [INFO] time_travel:   Symbols: ['ETHUSDT']
07:37:50 [INFO] time_travel:   Period: 2025-01-01 → now
07:37:50 [INFO] time_travel:   Thresholds: [3.0, 4.0, 5.0, 6.5]
07:37:50 [INFO] time_travel:   Primary TF: 1h, Confirmation TF: 4h
07:37:50 [INFO] time_travel:   Weights: {'rsi': 0.25, 'macd': 0.25, 'ema_stack': 0.3, 'adx': 0.2}
07:37:50 [INFO] time_travel:   Dry run: False
07:37:50 [INFO] time_travel: ======================================================================
07:37:50 [INFO] time_travel: --------------------------------------------------
07:37:50 [INFO] time_travel: Processing ETHUSDT
07:37:50 [INFO] time_travel:   Fetching ETHUSDT OHLCV (1h)...
07:37:50 [INFO] core.exchange: Data exchange created: bitget (public)
07:38:06 [INFO] time_travel:   Fetching ETHUSDT OHLCV (4h)...
07:38:10 [INFO] time_travel:   Primary bars: 5728, Confirmation bars: 1955
07:38:10 [INFO] time_travel:   Pre-computing ETHUSDT indicators (1h)...
07:42:42 [INFO] time_travel:   1h Pre-computed indicators: 5698/5698 bars ok, 0 failed
07:42:42 [INFO] time_travel:   1h indicators done in 271.6s (21 bars/s)
07:42:42 [INFO] time_travel:   Pre-computing ETHUSDT indicators (4h)...
07:44:08 [INFO] time_travel:   4h Pre-computed indicators: 1925/1925 bars ok, 0 failed
07:44:08 [INFO] time_travel:   4h indicators done in 86.7s
07:44:09 [INFO] time_travel:   Scoring 5698 bars...
07:44:09 [INFO] time_travel:   [ETHUSDT] 5697/5698 bars (100.0%) | 0 entries | 0 trades | 44732 bars/s | ETA: <1m
07:44:09 [INFO] time_travel:   ETHUSDT: 0 trades generated (0 entries evaluated) in 0.1s
07:44:09 [INFO] time_travel: ======================================================================
07:44:09 [INFO] time_travel: TIME TRAVEL COMPLETE
07:44:09 [INFO] time_travel:   Total trades: 0
07:44:09 [INFO] time_travel:   Wins: 0, Losses: 0, Win rate: 0.0%
07:44:09 [INFO] time_travel:   By threshold: {3.0: 0, 4.0: 0, 5.0: 0, 6.5: 0}
07:44:09 [INFO] time_travel:   By symbol: {'ETHUSDT': 0}
07:44:09 [INFO] time_travel: ======================================================================
